# JRE version: Java(TM) SE Runtime Environment (8.0_92-b14) (build 1.8.0_92-b14)
# Java VM: Java HotSpot(TM) Client VM (25.92-b14 mixed mode windows-x86 )
Heap:
 def new generation   total 39424K, used 32184K [0x05400000, 0x07ec0000, 0x0fea0000)
  eden space 35072K,  87% used [0x05400000, 0x071cf118, 0x07640000)
  from space 4352K,  38% used [0x07640000, 0x077def98, 0x07a80000)
  to   space 4352K,   0% used [0x07a80000, 0x07a80000, 0x07ec0000)
 tenured generation   total 87424K, used 39351K [0x0fea0000, 0x15400000, 0x25400000)
   the space 87424K,  45% used [0x0fea0000, 0x1250dd78, 0x1250de00, 0x15400000)
 Metaspace       used 18705K, capacity 19175K, committed 19200K, reserved 19840K
GC Heap History (10 events):
Event: 479.979 GC heap before
{Heap before GC invocations=14 (full 1):
 def new generation   total 39424K, used 37049K [0x05400000, 0x07ec0000, 0x0fea0000)
  eden space 35072K, 100% used [0x05400000, 0x07640000, 0x07640000)
  from space 4352K,  45% used [0x07a80000, 0x07c6e458, 0x07ec0000)
  to   space 4352K,   0% used [0x07640000, 0x07640000, 0x07a80000)
 tenured generation   total 87424K, used 30082K [0x0fea0000, 0x15400000, 0x25400000)
   the space 87424K,  34% used [0x0fea0000, 0x11c00990, 0x11c00a00, 0x15400000)
 Metaspace       used 18680K, capacity 19143K, committed 19200K, reserved 19840K
Event: 479.983 GC heap after
Heap after GC invocations=15 (full 1):
 def new generation   total 39424K, used 2233K [0x05400000, 0x07ec0000, 0x0fea0000)
  eden space 35072K,   0% used [0x05400000, 0x05400000, 0x07640000)
  from space 4352K,  51% used [0x07640000, 0x0786e560, 0x07a80000)
  to   space 4352K,   0% used [0x07a80000, 0x07a80000, 0x07ec0000)
 tenured generation   total 87424K, used 30082K [0x0fea0000, 0x15400000, 0x25400000)
   the space 87424K,  34% used [0x0fea0000, 0x11c00990, 0x11c00a00, 0x15400000)
 Metaspace       used 18680K, capacity 19143K, committed 19200K, reserved 19840K
}
Event: 530.114 GC heap before
{Heap before GC invocations=15 (full 1):
 def new generation   total 39424K, used 37305K [0x05400000, 0x07ec0000, 0x0fea0000)
  eden space 35072K, 100% used [0x05400000, 0x07640000, 0x07640000)
  from space 4352K,  51% used [0x07640000, 0x0786e560, 0x07a80000)
  to   space 4352K,   0% used [0x07a80000, 0x07a80000, 0x07ec0000)
 tenured generation   total 87424K, used 30082K [0x0fea0000, 0x15400000, 0x25400000)
   the space 87424K,  34% used [0x0fea0000, 0x11c00990, 0x11c00a00, 0x15400000)
 Metaspace       used 18680K, capacity 19143K, committed 19200K, reserved 19840K
Event: 530.118 GC heap after
Heap after GC invocations=16 (full 1):
 def new generation   total 39424K, used 2176K [0x05400000, 0x07ec0000, 0x0fea0000)
  eden space 35072K,   0% used [0x05400000, 0x05400000, 0x07640000)
  from space 4352K,  50% used [0x07a80000, 0x07ca0348, 0x07ec0000)
  to   space 4352K,   0% used [0x07640000, 0x07640000, 0x07a80000)
 tenured generation   total 87424K, used 30137K [0x0fea0000, 0x15400000, 0x25400000)
   the space 87424K,  34% used [0x0fea0000, 0x11c0e450, 0x11c0e600, 0x15400000)
 Metaspace       used 18680K, capacity 19143K, committed 19200K, reserved 19840K
}
Event: 567.267 GC heap before
{Heap before GC invocations=16 (full 1):
 def new generation   total 39424K, used 37248K [0x05400000, 0x07ec0000, 0x0fea0000)
  eden space 35072K, 100% used [0x05400000, 0x07640000, 0x07640000)
  from space 4352K,  50% used [0x07a80000, 0x07ca0348, 0x07ec0000)
  to   space 4352K,   0% used [0x07640000, 0x07640000, 0x07a80000)
 tenured generation   total 87424K, used 30137K [0x0fea0000, 0x15400000, 0x25400000)
   the space 87424K,  34% used [0x0fea0000, 0x11c0e450, 0x11c0e600, 0x15400000)
 Metaspace       used 18680K, capacity 19143K, committed 19200K, reserved 19840K
Event: 567.270 GC heap after
Heap after GC invocations=17 (full 1):
 def new generation   total 39424K, used 2230K [0x05400000, 0x07ec0000, 0x0fea0000)
  eden space 35072K,   0% used [0x05400000, 0x05400000, 0x07640000)
  from space 4352K,  51% used [0x07640000, 0x0786dab8, 0x07a80000)
  to   space 4352K,   0% used [0x07a80000, 0x07a80000, 0x07ec0000)
 tenured generation   total 87424K, used 30167K [0x0fea0000, 0x15400000, 0x25400000)
   the space 87424K,  34% used [0x0fea0000, 0x11c15f38, 0x11c16000, 0x15400000)
 Metaspace       used 18680K, capacity 19143K, committed 19200K, reserved 19840K
}
Event: 606.611 GC heap before
{Heap before GC invocations=17 (full 1):
 def new generation   total 39424K, used 32941K [0x05400000, 0x07ec0000, 0x0fea0000)
  eden space 35072K,  87% used [0x05400000, 0x071fdab0, 0x07640000)
  from space 4352K,  51% used [0x07640000, 0x0786dab8, 0x07a80000)
  to   space 4352K,   0% used [0x07a80000, 0x07a80000, 0x07ec0000)
 tenured generation   total 87424K, used 30167K [0x0fea0000, 0x15400000, 0x25400000)
   the space 87424K,  34% used [0x0fea0000, 0x11c15f38, 0x11c16000, 0x15400000)
 Metaspace       used 18705K, capacity 19175K, committed 19200K, reserved 19840K
Event: 606.614 GC heap after
Heap after GC invocations=18 (full 1):
 def new generation   total 39424K, used 568K [0x05400000, 0x07ec0000, 0x0fea0000)
  eden space 35072K,   0% used [0x05400000, 0x05400000, 0x07640000)
  from space 4352K,  13% used [0x07a80000, 0x07b0e080, 0x07ec0000)
  to   space 4352K,   0% used [0x07640000, 0x07640000, 0x07a80000)
 tenured generation   total 87424K, used 31753K [0x0fea0000, 0x15400000, 0x25400000)
   the space 87424K,  36% used [0x0fea0000, 0x11da2768, 0x11da2800, 0x15400000)
 Metaspace       used 18705K, capacity 19175K, committed 19200K, reserved 19840K
}
Event: 631.097 GC heap before
{Heap before GC invocations=18 (full 1):
 def new generation   total 39424K, used 35640K [0x05400000, 0x07ec0000, 0x0fea0000)
  eden space 35072K, 100% used [0x05400000, 0x07640000, 0x07640000)
  from space 4352K,  13% used [0x07a80000, 0x07b0e080, 0x07ec0000)
  to   space 4352K,   0% used [0x07640000, 0x07640000, 0x07a80000)
 tenured generation   total 87424K, used 31753K [0x0fea0000, 0x15400000, 0x25400000)
   the space 87424K,  36% used [0x0fea0000, 0x11da2768, 0x11da2800, 0x15400000)
 Metaspace       used 18705K, capacity 19175K, committed 19200K, reserved 19840K
Event: 631.102 GC heap after
Heap after GC invocations=19 (full 1):
 def new generation   total 39424K, used 1659K [0x05400000, 0x07ec0000, 0x0fea0000)
  eden space 35072K,   0% used [0x05400000, 0x05400000, 0x07640000)
  from space 4352K,  38% used [0x07640000, 0x077def98, 0x07a80000)
  to   space 4352K,   0% used [0x07a80000, 0x07a80000, 0x07ec0000)
 tenured generation   total 87424K, used 39351K [0x0fea0000, 0x15400000, 0x25400000)
   the space 87424K,  45% used [0x0fea0000, 0x1250dd78, 0x1250de00, 0x15400000)
 Metaspace       used 18705K, capacity 19175K, committed 19200K, reserved 19840K
}

