# JRE version: Java(TM) SE Runtime Environment (8.0_92-b14) (build 1.8.0_92-b14)
# Java VM: Java HotSpot(TM) Client VM (25.92-b14 mixed mode windows-x86 )
Heap:
 def new generation   total 39424K, used 1332K [0x04800000, 0x072c0000, 0x0f2a0000)
  eden space 35072K,   2% used [0x04800000, 0x048b08d0, 0x06a40000)
  from space 4352K,  14% used [0x06e80000, 0x06f1cb20, 0x072c0000)
  to   space 4352K,   0% used [0x06a40000, 0x06a40000, 0x06e80000)
 tenured generation   total 87424K, used 25653K [0x0f2a0000, 0x14800000, 0x24800000)
   the space 87424K,  29% used [0x0f2a0000, 0x10bad540, 0x10bad600, 0x14800000)
 Metaspace       used 18452K, capacity 18919K, committed 19072K, reserved 19840K
GC Heap History (10 events):
Event: 674.059 GC heap before
{Heap before GC invocations=7 (full 1):
 def new generation   total 39424K, used 35531K [0x04800000, 0x072c0000, 0x0f2a0000)
  eden space 35072K, 100% used [0x04800000, 0x06a40000, 0x06a40000)
  from space 4352K,  10% used [0x06a40000, 0x06ab2d88, 0x06e80000)
  to   space 4352K,   0% used [0x06e80000, 0x06e80000, 0x072c0000)
 tenured generation   total 87424K, used 25653K [0x0f2a0000, 0x14800000, 0x24800000)
   the space 87424K,  29% used [0x0f2a0000, 0x10bad540, 0x10bad600, 0x14800000)
 Metaspace       used 18452K, capacity 18919K, committed 19072K, reserved 19840K
Event: 674.063 GC heap after
Heap after GC invocations=8 (full 1):
 def new generation   total 39424K, used 619K [0x04800000, 0x072c0000, 0x0f2a0000)
  eden space 35072K,   0% used [0x04800000, 0x04800000, 0x06a40000)
  from space 4352K,  14% used [0x06e80000, 0x06f1af80, 0x072c0000)
  to   space 4352K,   0% used [0x06a40000, 0x06a40000, 0x06e80000)
 tenured generation   total 87424K, used 25653K [0x0f2a0000, 0x14800000, 0x24800000)
   the space 87424K,  29% used [0x0f2a0000, 0x10bad540, 0x10bad600, 0x14800000)
 Metaspace       used 18452K, capacity 18919K, committed 19072K, reserved 19840K
}
Event: 858.247 GC heap before
{Heap before GC invocations=8 (full 1):
 def new generation   total 39424K, used 35691K [0x04800000, 0x072c0000, 0x0f2a0000)
  eden space 35072K, 100% used [0x04800000, 0x06a40000, 0x06a40000)
  from space 4352K,  14% used [0x06e80000, 0x06f1af80, 0x072c0000)
  to   space 4352K,   0% used [0x06a40000, 0x06a40000, 0x06e80000)
 tenured generation   total 87424K, used 25653K [0x0f2a0000, 0x14800000, 0x24800000)
   the space 87424K,  29% used [0x0f2a0000, 0x10bad540, 0x10bad600, 0x14800000)
 Metaspace       used 18452K, capacity 18919K, committed 19072K, reserved 19840K
Event: 858.249 GC heap after
Heap after GC invocations=9 (full 1):
 def new generation   total 39424K, used 576K [0x04800000, 0x072c0000, 0x0f2a0000)
  eden space 35072K,   0% used [0x04800000, 0x04800000, 0x06a40000)
  from space 4352K,  13% used [0x06a40000, 0x06ad03a8, 0x06e80000)
  to   space 4352K,   0% used [0x06e80000, 0x06e80000, 0x072c0000)
 tenured generation   total 87424K, used 25653K [0x0f2a0000, 0x14800000, 0x24800000)
   the space 87424K,  29% used [0x0f2a0000, 0x10bad540, 0x10bad600, 0x14800000)
 Metaspace       used 18452K, capacity 18919K, committed 19072K, reserved 19840K
}
Event: 1090.821 GC heap before
{Heap before GC invocations=9 (full 1):
 def new generation   total 39424K, used 35648K [0x04800000, 0x072c0000, 0x0f2a0000)
  eden space 35072K, 100% used [0x04800000, 0x06a40000, 0x06a40000)
  from space 4352K,  13% used [0x06a40000, 0x06ad03a8, 0x06e80000)
  to   space 4352K,   0% used [0x06e80000, 0x06e80000, 0x072c0000)
 tenured generation   total 87424K, used 25653K [0x0f2a0000, 0x14800000, 0x24800000)
   the space 87424K,  29% used [0x0f2a0000, 0x10bad540, 0x10bad600, 0x14800000)
 Metaspace       used 18452K, capacity 18919K, committed 19072K, reserved 19840K
Event: 1090.823 GC heap after
Heap after GC invocations=10 (full 1):
 def new generation   total 39424K, used 623K [0x04800000, 0x072c0000, 0x0f2a0000)
  eden space 35072K,   0% used [0x04800000, 0x04800000, 0x06a40000)
  from space 4352K,  14% used [0x06e80000, 0x06f1bcf8, 0x072c0000)
  to   space 4352K,   0% used [0x06a40000, 0x06a40000, 0x06e80000)
 tenured generation   total 87424K, used 25653K [0x0f2a0000, 0x14800000, 0x24800000)
   the space 87424K,  29% used [0x0f2a0000, 0x10bad540, 0x10bad600, 0x14800000)
 Metaspace       used 18452K, capacity 18919K, committed 19072K, reserved 19840K
}
Event: 1239.756 GC heap before
{Heap before GC invocations=10 (full 1):
 def new generation   total 39424K, used 35695K [0x04800000, 0x072c0000, 0x0f2a0000)
  eden space 35072K, 100% used [0x04800000, 0x06a40000, 0x06a40000)
  from space 4352K,  14% used [0x06e80000, 0x06f1bcf8, 0x072c0000)
  to   space 4352K,   0% used [0x06a40000, 0x06a40000, 0x06e80000)
 tenured generation   total 87424K, used 25653K [0x0f2a0000, 0x14800000, 0x24800000)
   the space 87424K,  29% used [0x0f2a0000, 0x10bad540, 0x10bad600, 0x14800000)
 Metaspace       used 18452K, capacity 18919K, committed 19072K, reserved 19840K
Event: 1239.758 GC heap after
Heap after GC invocations=11 (full 1):
 def new generation   total 39424K, used 660K [0x04800000, 0x072c0000, 0x0f2a0000)
  eden space 35072K,   0% used [0x04800000, 0x04800000, 0x06a40000)
  from space 4352K,  15% used [0x06a40000, 0x06ae5228, 0x06e80000)
  to   space 4352K,   0% used [0x06e80000, 0x06e80000, 0x072c0000)
 tenured generation   total 87424K, used 25653K [0x0f2a0000, 0x14800000, 0x24800000)
   the space 87424K,  29% used [0x0f2a0000, 0x10bad540, 0x10bad600, 0x14800000)
 Metaspace       used 18452K, capacity 18919K, committed 19072K, reserved 19840K
}
Event: 1504.434 GC heap before
{Heap before GC invocations=11 (full 1):
 def new generation   total 39424K, used 35732K [0x04800000, 0x072c0000, 0x0f2a0000)
  eden space 35072K, 100% used [0x04800000, 0x06a40000, 0x06a40000)
  from space 4352K,  15% used [0x06a40000, 0x06ae5228, 0x06e80000)
  to   space 4352K,   0% used [0x06e80000, 0x06e80000, 0x072c0000)
 tenured generation   total 87424K, used 25653K [0x0f2a0000, 0x14800000, 0x24800000)
   the space 87424K,  29% used [0x0f2a0000, 0x10bad540, 0x10bad600, 0x14800000)
 Metaspace       used 18452K, capacity 18919K, committed 19072K, reserved 19840K
Event: 1504.437 GC heap after
Heap after GC invocations=12 (full 1):
 def new generation   total 39424K, used 626K [0x04800000, 0x072c0000, 0x0f2a0000)
  eden space 35072K,   0% used [0x04800000, 0x04800000, 0x06a40000)
  from space 4352K,  14% used [0x06e80000, 0x06f1cb20, 0x072c0000)
  to   space 4352K,   0% used [0x06a40000, 0x06a40000, 0x06e80000)
 tenured generation   total 87424K, used 25653K [0x0f2a0000, 0x14800000, 0x24800000)
   the space 87424K,  29% used [0x0f2a0000, 0x10bad540, 0x10bad600, 0x14800000)
 Metaspace       used 18452K, capacity 18919K, committed 19072K, reserved 19840K
}

